#
# There is insufficient memory for the Java Runtime Environment to continue.
# Native memory allocation (malloc) failed to allocate 308576 bytes for Chunk::new
# Possible reasons:
#   The system is out of physical RAM or swap space
#   In 32 bit mode, the process size limit was hit
# Possible solutions:
#   Reduce memory load on the system
#   Increase physical memory or swap space
#   Check if swap backing store is full
#   Use 64 bit Java on a 64 bit OS
#   Decrease Java heap size (-Xmx/-Xms)
#   Decrease number of Java threads
#   Decrease Java thread stack sizes (-Xss)
#   Set larger code cache with -XX:ReservedCodeCacheSize=
# This output file may be truncated or incomplete.
#
#  Out of Memory Error (allocation.cpp:390), pid=56268, tid=0x00000000000137d4
#
# JRE version: Java(TM) SE Runtime Environment (8.0_181-b13) (build 1.8.0_181-b13)
# Java VM: Java HotSpot(TM) 64-Bit Server VM (25.181-b13 mixed mode windows-amd64 compressed oops)
# Failed to write core dump. Minidumps are not enabled by default on client versions of Windows
#

---------------  T H R E A D  ---------------

Current thread (0x0000000015a74000):  JavaThread "C2 CompilerThread0" daemon [_thread_in_native, id=79828, stack(0x00000000170b0000,0x00000000171b0000)]

Stack: [0x00000000170b0000,0x00000000171b0000]
[error occurred during error reporting (printing stack bounds), id 0xc0000005]

Native frames: (J=compiled Java code, j=interpreted, Vv=VM code, C=native code)


Current CompileTask:
C2:  18309 4533       4       org.springframework.core.annotation.AnnotatedElementUtils::searchWithGetSemanticsInAnnotations (342 bytes)


---------------  P R O C E S S  ---------------

Java Threads: ( => current thread )
  0x000000001855b000 JavaThread "DestroyJavaVM" [_thread_blocked, id=66632, stack(0x00000000031b0000,0x00000000032b0000)]
  0x000000001854f800 JavaThread "http-nio-8080-Acceptor-0" daemon [_thread_in_native, id=123740, stack(0x0000000020000000,0x0000000020100000)]
  0x000000001854d000 JavaThread "http-nio-8080-ClientPoller-1" daemon [_thread_in_native, id=63900, stack(0x000000001ff00000,0x0000000020000000)]
  0x0000000018551000 JavaThread "http-nio-8080-ClientPoller-0" daemon [_thread_in_native, id=25108, stack(0x000000001fe00000,0x000000001ff00000)]
  0x0000000018552800 JavaThread "http-nio-8080-exec-10" daemon [_thread_blocked, id=48820, stack(0x000000001fd00000,0x000000001fe00000)]
  0x000000001854e000 JavaThread "http-nio-8080-exec-9" daemon [_thread_blocked, id=101592, stack(0x000000001fc00000,0x000000001fd00000)]
  0x0000000018554000 JavaThread "http-nio-8080-exec-8" daemon [_thread_blocked, id=77064, stack(0x000000001fb00000,0x000000001fc00000)]
  0x0000000018553000 JavaThread "http-nio-8080-exec-7" daemon [_thread_blocked, id=72112, stack(0x000000001fa00000,0x000000001fb00000)]
  0x0000000018551800 JavaThread "http-nio-8080-exec-6" daemon [_thread_blocked, id=39460, stack(0x000000001f900000,0x000000001fa00000)]
  0x000000001854e800 JavaThread "http-nio-8080-exec-5" daemon [_thread_blocked, id=37592, stack(0x000000001f800000,0x000000001f900000)]
  0x0000000018550000 JavaThread "http-nio-8080-exec-4" daemon [_thread_blocked, id=18744, stack(0x000000001f700000,0x000000001f800000)]
  0x0000000018dc7000 JavaThread "http-nio-8080-exec-3" daemon [_thread_blocked, id=96960, stack(0x000000001f3f0000,0x000000001f4f0000)]
  0x0000000018dca800 JavaThread "http-nio-8080-exec-2" daemon [_thread_blocked, id=36612, stack(0x000000001f2f0000,0x000000001f3f0000)]
  0x0000000018dca000 JavaThread "http-nio-8080-exec-1" daemon [_thread_in_Java, id=100992, stack(0x000000001f1f0000,0x000000001f2f0000)]
  0x0000000018dc6000 JavaThread "NioBlockingSelector.BlockPoller-1" daemon [_thread_in_native, id=127272, stack(0x000000001eac0000,0x000000001ebc0000)]
  0x0000000018dc4000 JavaThread "Abandoned connection cleanup thread" daemon [_thread_blocked, id=105448, stack(0x000000001d1f0000,0x000000001d2f0000)]
  0x0000000018dc4800 JavaThread "container-0" [_thread_blocked, id=119800, stack(0x000000001d0f0000,0x000000001d1f0000)]
  0x0000000018dc9000 JavaThread "Catalina-utility-2" [_thread_blocked, id=34236, stack(0x000000001cb40000,0x000000001cc40000)]
  0x0000000018dc5800 JavaThread "Catalina-utility-1" [_thread_blocked, id=80784, stack(0x000000001ba00000,0x000000001bb00000)]
  0x0000000015ace800 JavaThread "Service Thread" daemon [_thread_blocked, id=89128, stack(0x00000000177b0000,0x00000000178b0000)]
  0x0000000015a88000 JavaThread "C1 CompilerThread2" daemon [_thread_in_native, id=142884, stack(0x00000000172b0000,0x00000000173b0000)]
  0x0000000015a76800 JavaThread "C2 CompilerThread1" daemon [_thread_in_native, id=123996, stack(0x00000000171b0000,0x00000000172b0000)]
=>0x0000000015a74000 JavaThread "C2 CompilerThread0" daemon [_thread_in_native, id=79828, stack(0x00000000170b0000,0x00000000171b0000)]
  0x0000000015a72800 JavaThread "Attach Listener" daemon [_thread_blocked, id=101100, stack(0x0000000016fb0000,0x00000000170b0000)]
  0x0000000015a71000 JavaThread "Signal Dispatcher" daemon [_thread_blocked, id=27464, stack(0x0000000016eb0000,0x0000000016fb0000)]
  0x000000000349e800 JavaThread "Finalizer" daemon [_thread_blocked, id=7708, stack(0x0000000016cc0000,0x0000000016dc0000)]
  0x0000000003495000 JavaThread "Reference Handler" daemon [_thread_blocked, id=114992, stack(0x0000000016bc0000,0x0000000016cc0000)]

Other Threads:
  0x0000000015a37800 VMThread [stack: 0x0000000016ac0000,0x0000000016bc0000] [id=90360]
  0x0000000017405000 WatcherThread [stack: 0x00000000178b0000,0x00000000179b0000] [id=118788]

VM state:not at safepoint (normal execution)

VM Mutex/Monitor currently owned by a thread:  ([mutex/lock_event])
[0x00000000033a2b60] Compile_lock - owner thread: 0x0000000000000000

Heap:
 PSYoungGen      total 135680K, used 119066K [0x00000000eb400000, 0x00000000f4a00000, 0x0000000100000000)
  eden space 122880K, 86% used [0x00000000eb400000,0x00000000f1c27050,0x00000000f2c00000)
  from space 12800K, 96% used [0x00000000f3d80000,0x00000000f499f7f0,0x00000000f4a00000)
  to   space 14336K, 0% used [0x00000000f2e00000,0x00000000f2e00000,0x00000000f3c00000)
 ParOldGen       total 62464K, used 19388K [0x00000000c1c00000, 0x00000000c5900000, 0x00000000eb400000)
  object space 62464K, 31% used [0x00000000c1c00000,0x00000000c2eef1a8,0x00000000c5900000)
 Metaspace       used 53987K, capacity 55918K, committed 56112K, reserved 1097728K
  class space    used 7311K, capacity 7684K, committed 7728K, reserved 1048576K

Card table byte_map: [0x0000000012860000,0x0000000012a60000] byte_map_base: 0x0000000012252000

Marking Bits: (ParMarkBitMap*) 0x00000000570d2d00
 Begin Bits: [0x0000000012fb0000, 0x0000000013f40000)
 End Bits:   [0x0000000013f40000, 0x0000000014ed0000)

Polling page: 0x0000000001820000

CodeCache: size=245760Kb used=13332Kb max_used=15128Kb free=232427Kb
 bounds [0x00000000034a0000, 0x0000000004390000, 0x00000000124a0000]
 total_blobs=4562 nmethods=4016 adapters=456
 compilation: enabled

Compilation events (10 events):
Event: 18.163 Thread 0x0000000015a88000 4542   !   3       java.lang.invoke.MethodHandles$Lookup::canBeCached (146 bytes)
Event: 18.166 Thread 0x0000000015a88000 nmethod 4542 0x00000000036ad410 code [0x00000000036ad880, 0x00000000036b09c8]
Event: 18.171 Thread 0x0000000015a76800 nmethod 4541 0x0000000003982810 code [0x0000000003982a60, 0x00000000039847f0]
Event: 18.172 Thread 0x0000000015a76800 4540       4       org.springframework.aop.framework.autoproxy.AbstractAutoProxyCreator::predictBeanType (35 bytes)
Event: 18.186 Thread 0x0000000015a76800 nmethod 4540 0x00000000035f8250 code [0x00000000035f8400, 0x00000000035f8d28]
Event: 18.186 Thread 0x0000000015a88000 4547       2       java.lang.ref.SoftReference::<init> (14 bytes)
Event: 18.186 Thread 0x0000000015a76800 4544       4       org.springframework.core.BridgeMethodResolver::findBridgedMethod (106 bytes)
Event: 18.186 Thread 0x0000000015a88000 nmethod 4547 0x0000000003727990 code [0x0000000003727ae0, 0x0000000003727c90]
Event: 18.187 Thread 0x0000000015a88000 4548       3       java.net.URI::match (56 bytes)
Event: 18.188 Thread 0x0000000015a88000 nmethod 4548 0x0000000003637d50 code [0x0000000003637ec0, 0x00000000036381d0]

GC Heap History (10 events):
Event: 1.882 GC heap before
{Heap before GC invocations=8 (full 1):
 PSYoungGen      total 72192K, used 65496K [0x00000000eb400000, 0x00000000f0200000, 0x0000000100000000)
  eden space 65536K, 99% used [0x00000000eb400000,0x00000000ef3f6078,0x00000000ef400000)
  from space 6656K, 0% used [0x00000000efb80000,0x00000000efb80000,0x00000000f0200000)
  to   space 7168K, 0% used [0x00000000ef400000,0x00000000ef400000,0x00000000efb00000)
 ParOldGen       total 33792K, used 5980K [0x00000000c1c00000, 0x00000000c3d00000, 0x00000000eb400000)
  object space 33792K, 17% used [0x00000000c1c00000,0x00000000c21d72a8,0x00000000c3d00000)
 Metaspace       used 23959K, capacity 24654K, committed 24880K, reserved 1071104K
  class space    used 3074K, capacity 3266K, committed 3376K, reserved 1048576K
Event: 1.887 GC heap after
Heap after GC invocations=8 (full 1):
 PSYoungGen      total 72704K, used 4756K [0x00000000eb400000, 0x00000000f2480000, 0x0000000100000000)
  eden space 65536K, 0% used [0x00000000eb400000,0x00000000eb400000,0x00000000ef400000)
  from space 7168K, 66% used [0x00000000ef400000,0x00000000ef8a5220,0x00000000efb00000)
  to   space 6656K, 0% used [0x00000000f1e00000,0x00000000f1e00000,0x00000000f2480000)
 ParOldGen       total 33792K, used 5988K [0x00000000c1c00000, 0x00000000c3d00000, 0x00000000eb400000)
  object space 33792K, 17% used [0x00000000c1c00000,0x00000000c21d92a8,0x00000000c3d00000)
 Metaspace       used 23959K, capacity 24654K, committed 24880K, reserved 1071104K
  class space    used 3074K, capacity 3266K, committed 3376K, reserved 1048576K
}
Event: 2.987 GC heap before
{Heap before GC invocations=9 (full 1):
 PSYoungGen      total 72704K, used 70292K [0x00000000eb400000, 0x00000000f2480000, 0x0000000100000000)
  eden space 65536K, 100% used [0x00000000eb400000,0x00000000ef400000,0x00000000ef400000)
  from space 7168K, 66% used [0x00000000ef400000,0x00000000ef8a5220,0x00000000efb00000)
  to   space 6656K, 0% used [0x00000000f1e00000,0x00000000f1e00000,0x00000000f2480000)
 ParOldGen       total 33792K, used 5988K [0x00000000c1c00000, 0x00000000c3d00000, 0x00000000eb400000)
  object space 33792K, 17% used [0x00000000c1c00000,0x00000000c21d92a8,0x00000000c3d00000)
 Metaspace       used 29769K, capacity 31068K, committed 31280K, reserved 1077248K
  class space    used 3856K, capacity 4141K, committed 4144K, reserved 1048576K
Event: 2.995 GC heap after
Heap after GC invocations=9 (full 1):
 PSYoungGen      total 104960K, used 6650K [0x00000000eb400000, 0x00000000f2500000, 0x0000000100000000)
  eden space 98304K, 0% used [0x00000000eb400000,0x00000000eb400000,0x00000000f1400000)
  from space 6656K, 99% used [0x00000000f1e00000,0x00000000f247eb00,0x00000000f2480000)
  to   space 8704K, 0% used [0x00000000f1400000,0x00000000f1400000,0x00000000f1c80000)
 ParOldGen       total 33792K, used 9436K [0x00000000c1c00000, 0x00000000c3d00000, 0x00000000eb400000)
  object space 33792K, 27% used [0x00000000c1c00000,0x00000000c2537058,0x00000000c3d00000)
 Metaspace       used 29769K, capacity 31068K, committed 31280K, reserved 1077248K
  class space    used 3856K, capacity 4141K, committed 4144K, reserved 1048576K
}
Event: 3.587 GC heap before
{Heap before GC invocations=10 (full 1):
 PSYoungGen      total 104960K, used 90323K [0x00000000eb400000, 0x00000000f2500000, 0x0000000100000000)
  eden space 98304K, 85% used [0x00000000eb400000,0x00000000f05b6378,0x00000000f1400000)
  from space 6656K, 99% used [0x00000000f1e00000,0x00000000f247eb00,0x00000000f2480000)
  to   space 8704K, 0% used [0x00000000f1400000,0x00000000f1400000,0x00000000f1c80000)
 ParOldGen       total 33792K, used 9436K [0x00000000c1c00000, 0x00000000c3d00000, 0x00000000eb400000)
  object space 33792K, 27% used [0x00000000c1c00000,0x00000000c2537058,0x00000000c3d00000)
 Metaspace       used 34049K, capacity 35358K, committed 35496K, reserved 1081344K
  class space    used 4354K, capacity 4624K, committed 4656K, reserved 1048576K
Event: 3.600 GC heap after
Heap after GC invocations=10 (full 1):
 PSYoungGen      total 107008K, used 8689K [0x00000000eb400000, 0x00000000f4a00000, 0x0000000100000000)
  eden space 98304K, 0% used [0x00000000eb400000,0x00000000eb400000,0x00000000f1400000)
  from space 8704K, 99% used [0x00000000f1400000,0x00000000f1c7c6f8,0x00000000f1c80000)
  to   space 12800K, 0% used [0x00000000f3d80000,0x00000000f3d80000,0x00000000f4a00000)
 ParOldGen       total 33792K, used 16089K [0x00000000c1c00000, 0x00000000c3d00000, 0x00000000eb400000)
  object space 33792K, 47% used [0x00000000c1c00000,0x00000000c2bb64c0,0x00000000c3d00000)
 Metaspace       used 34049K, capacity 35358K, committed 35496K, reserved 1081344K
  class space    used 4354K, capacity 4624K, committed 4656K, reserved 1048576K
}
Event: 3.600 GC heap before
{Heap before GC invocations=11 (full 2):
 PSYoungGen      total 107008K, used 8689K [0x00000000eb400000, 0x00000000f4a00000, 0x0000000100000000)
  eden space 98304K, 0% used [0x00000000eb400000,0x00000000eb400000,0x00000000f1400000)
  from space 8704K, 99% used [0x00000000f1400000,0x00000000f1c7c6f8,0x00000000f1c80000)
  to   space 12800K, 0% used [0x00000000f3d80000,0x00000000f3d80000,0x00000000f4a00000)
 ParOldGen       total 33792K, used 16089K [0x00000000c1c00000, 0x00000000c3d00000, 0x00000000eb400000)
  object space 33792K, 47% used [0x00000000c1c00000,0x00000000c2bb64c0,0x00000000c3d00000)
 Metaspace       used 34049K, capacity 35358K, committed 35496K, reserved 1081344K
  class space    used 4354K, capacity 4624K, committed 4656K, reserved 1048576K
Event: 3.672 GC heap after
Heap after GC invocations=11 (full 2):
 PSYoungGen      total 107008K, used 0K [0x00000000eb400000, 0x00000000f4a00000, 0x0000000100000000)
  eden space 98304K, 0% used [0x00000000eb400000,0x00000000eb400000,0x00000000f1400000)
  from space 8704K, 0% used [0x00000000f1400000,0x00000000f1400000,0x00000000f1c80000)
  to   space 12800K, 0% used [0x00000000f3d80000,0x00000000f3d80000,0x00000000f4a00000)
 ParOldGen       total 62464K, used 19380K [0x00000000c1c00000, 0x00000000c5900000, 0x00000000eb400000)
  object space 62464K, 31% used [0x00000000c1c00000,0x00000000c2eed1a8,0x00000000c5900000)
 Metaspace       used 34049K, capacity 35358K, committed 35496K, reserved 1081344K
  class space    used 4354K, capacity 4624K, committed 4656K, reserved 1048576K
}
Event: 4.923 GC heap before
{Heap before GC invocations=12 (full 2):
 PSYoungGen      total 107008K, used 98304K [0x00000000eb400000, 0x00000000f4a00000, 0x0000000100000000)
  eden space 98304K, 100% used [0x00000000eb400000,0x00000000f1400000,0x00000000f1400000)
  from space 8704K, 0% used [0x00000000f1400000,0x00000000f1400000,0x00000000f1c80000)
  to   space 12800K, 0% used [0x00000000f3d80000,0x00000000f3d80000,0x00000000f4a00000)
 ParOldGen       total 62464K, used 19380K [0x00000000c1c00000, 0x00000000c5900000, 0x00000000eb400000)
  object space 62464K, 31% used [0x00000000c1c00000,0x00000000c2eed1a8,0x00000000c5900000)
 Metaspace       used 46195K, capacity 47700K, committed 47792K, reserved 1091584K
  class space    used 6221K, capacity 6525K, committed 6576K, reserved 1048576K
Event: 4.936 GC heap after
Heap after GC invocations=12 (full 2):
 PSYoungGen      total 135680K, used 12413K [0x00000000eb400000, 0x00000000f4a00000, 0x0000000100000000)
  eden space 122880K, 0% used [0x00000000eb400000,0x00000000eb400000,0x00000000f2c00000)
  from space 12800K, 96% used [0x00000000f3d80000,0x00000000f499f7f0,0x00000000f4a00000)
  to   space 14336K, 0% used [0x00000000f2e00000,0x00000000f2e00000,0x00000000f3c00000)
 ParOldGen       total 62464K, used 19388K [0x00000000c1c00000, 0x00000000c5900000, 0x00000000eb400000)
  object space 62464K, 31% used [0x00000000c1c00000,0x00000000c2eef1a8,0x00000000c5900000)
 Metaspace       used 46195K, capacity 47700K, committed 47792K, reserved 1091584K
  class space    used 6221K, capacity 6525K, committed 6576K, reserved 1048576K
}

Deoptimization events (10 events):
Event: 5.528 Thread 0x00000000033a4000 Uncommon trap: reason=unstable_if action=reinterpret pc=0x0000000004137ac4 method=java.util.concurrent.ConcurrentHashMap.get(Ljava/lang/Object;)Ljava/lang/Object; @ 86
Event: 5.655 Thread 0x00000000033a4000 Uncommon trap: reason=class_check action=maybe_recompile pc=0x000000000408eaf8 method=org.springframework.core.annotation.AnnotationUtils.hasPlainJavaAnnotationsOnly(Ljava/lang/Object;)Z @ 1
Event: 5.674 Thread 0x00000000033a4000 Uncommon trap: reason=class_check action=maybe_recompile pc=0x000000000408eaf8 method=org.springframework.core.annotation.AnnotationUtils.hasPlainJavaAnnotationsOnly(Ljava/lang/Object;)Z @ 1
Event: 5.686 Thread 0x00000000033a4000 Uncommon trap: reason=class_check action=maybe_recompile pc=0x000000000408eaf8 method=org.springframework.core.annotation.AnnotationUtils.hasPlainJavaAnnotationsOnly(Ljava/lang/Object;)Z @ 1
Event: 5.686 Thread 0x00000000033a4000 Uncommon trap: reason=class_check action=maybe_recompile pc=0x000000000408eaf8 method=org.springframework.core.annotation.AnnotationUtils.hasPlainJavaAnnotationsOnly(Ljava/lang/Object;)Z @ 1
Event: 5.799 Thread 0x00000000033a4000 Uncommon trap: reason=unstable_if action=reinterpret pc=0x00000000038befe8 method=java.util.concurrent.ConcurrentHashMap.transfer([Ljava/util/concurrent/ConcurrentHashMap$Node;[Ljava/util/concurrent/ConcurrentHashMap$Node;)V @ 356
Event: 5.799 Thread 0x00000000033a4000 Uncommon trap: reason=unstable_if action=reinterpret pc=0x000000000385af8c method=java.util.concurrent.ConcurrentHashMap.transfer([Ljava/util/concurrent/ConcurrentHashMap$Node;[Ljava/util/concurrent/ConcurrentHashMap$Node;)V @ 356
Event: 5.830 Thread 0x00000000033a4000 Uncommon trap: reason=unstable_if action=reinterpret pc=0x00000000035f0c30 method=org.springframework.beans.factory.support.AbstractBeanFactory.isTypeMatch(Ljava/lang/String;Lorg/springframework/core/ResolvableType;)Z @ 26
Event: 5.974 Thread 0x00000000033a4000 Uncommon trap: reason=bimorphic action=maybe_recompile pc=0x0000000003f52c04 method=java.util.Hashtable.get(Ljava/lang/Object;)Ljava/lang/Object; @ 6
Event: 5.974 Thread 0x00000000033a4000 Uncommon trap: reason=bimorphic action=maybe_recompile pc=0x0000000003f52c04 method=java.util.Hashtable.get(Ljava/lang/Object;)Ljava/lang/Object; @ 6

Classes redefined (0 events):
No events

Internal exceptions (10 events):
Event: 5.396 Thread 0x00000000033a4000 Exception <a 'java/lang/ClassNotFoundException': org/springframework/web/servlet/config/annotation/DelegatingWebMvcConfigurationCustomizer> (0x00000000eda31780) thrown at [C:\re\workspace\8-2-build-windows-amd64-cygwin\jdk8u181\11358\hotspot\src\share\vm\
Event: 5.397 Thread 0x00000000033a4000 Exception <a 'java/lang/ClassNotFoundException': org/springframework/boot/autoconfigure/web/servlet/WebMvcAutoConfiguration$EnableWebMvcConfigurationCustomizer> (0x00000000eda55960) thrown at [C:\re\workspace\8-2-build-windows-amd64-cygwin\jdk8u181\11358\
Event: 5.397 Thread 0x00000000033a4000 Exception <a 'java/lang/ClassNotFoundException': org/springframework/boot/autoconfigure/web/servlet/WebMvcAutoConfiguration$EnableWebMvcConfiguration$$EnhancerBySpringCGLIB$$b8401148Customizer> (0x00000000eda847e0) thrown at [C:\re\workspace\8-2-build-win
Event: 5.398 Thread 0x00000000033a4000 Exception <a 'java/lang/ClassNotFoundException': org/springframework/context/annotation/ConfigurationClassEnhancer$EnhancedConfigurationCustomizer> (0x00000000edac0770) thrown at [C:\re\workspace\8-2-build-windows-amd64-cygwin\jdk8u181\11358\hotspot\src\s
Event: 5.398 Thread 0x00000000033a4000 Exception <a 'java/lang/ClassNotFoundException': org/springframework/beans/factory/BeanFactoryAwareCustomizer> (0x00000000edad3f88) thrown at [C:\re\workspace\8-2-build-windows-amd64-cygwin\jdk8u181\11358\hotspot\src\share\vm\classfile\systemDictionary.cp
Event: 5.399 Thread 0x00000000033a4000 Exception <a 'java/lang/ClassNotFoundException': org/springframework/beans/factory/AwareCustomizer> (0x00000000edae6210) thrown at [C:\re\workspace\8-2-build-windows-amd64-cygwin\jdk8u181\11358\hotspot\src\share\vm\classfile\systemDictionary.cpp, line 210
Event: 5.399 Thread 0x00000000033a4000 Exception <a 'java/lang/ClassNotFoundException': org/springframework/context/ApplicationContextAwareCustomizer> (0x00000000edaf9d58) thrown at [C:\re\workspace\8-2-build-windows-amd64-cygwin\jdk8u181\11358\hotspot\src\share\vm\classfile\systemDictionary.c
Event: 5.400 Thread 0x00000000033a4000 Exception <a 'java/lang/ClassNotFoundException': org/springframework/beans/factory/AwareCustomizer> (0x00000000edb0bfb8) thrown at [C:\re\workspace\8-2-build-windows-amd64-cygwin\jdk8u181\11358\hotspot\src\share\vm\classfile\systemDictionary.cpp, line 210
Event: 5.400 Thread 0x00000000033a4000 Exception <a 'java/lang/ClassNotFoundException': org/springframework/web/context/ServletContextAwareCustomizer> (0x00000000edb1fa90) thrown at [C:\re\workspace\8-2-build-windows-amd64-cygwin\jdk8u181\11358\hotspot\src\share\vm\classfile\systemDictionary.c
Event: 5.401 Thread 0x00000000033a4000 Exception <a 'java/lang/ClassNotFoundException': org/springframework/beans/factory/AwareCustomizer> (0x00000000edb31760) thrown at [C:\re\workspace\8-2-build-windows-amd64-cygwin\jdk8u181\11358\hotspot\src\share\vm\classfile\systemDictionary.cpp, line 210

Events (10 events):
Event: 18.187 loading class org/apache/jasper/servlet/JspServletWrapper
Event: 18.187 loading class org/apache/jasper/servlet/JspServletWrapper done
Event: 18.189 loading class org/apache/jasper/JspCompilationContext
Event: 18.189 loading class org/apache/jasper/JspCompilationContext done
Event: 18.190 loading class org/apache/jasper/servlet/JasperLoader
Event: 18.190 loading class org/apache/jasper/servlet/JasperLoader done
Event: 18.191 loading class org/apache/jasper/compiler/JDTCompiler
Event: 18.191 loading class org/apache/jasper/compiler/JDTCompiler done
Event: 18.192 loading class org/apache/jasper/compiler/Compiler
Event: 18.192 loading class org/apache/jasper/compiler/Compiler done


Dynamic libraries:
0x00007ff774660000 - 0x00007ff774697000 	C:\Program Files\Java\jdk1.8.0_181\bin\javaw.exe
0x00007ff9ea930000 - 0x00007ff9eab11000 	C:\Windows\SYSTEM32\ntdll.dll
0x00007ff9e8370000 - 0x00007ff9e8422000 	C:\Windows\System32\KERNEL32.DLL
0x00007ff9e7150000 - 0x00007ff9e73c3000 	C:\Windows\System32\KERNELBASE.dll
0x00007ff9e7fe0000 - 0x00007ff9e8081000 	C:\Windows\System32\ADVAPI32.dll
0x00007ff9e7ec0000 - 0x00007ff9e7f5e000 	C:\Windows\System32\msvcrt.dll
0x00007ff9ea560000 - 0x00007ff9ea5bb000 	C:\Windows\System32\sechost.dll
0x00007ff9ea7d0000 - 0x00007ff9ea8f4000 	C:\Windows\System32\RPCRT4.dll
0x00007ff9e8170000 - 0x00007ff9e8300000 	C:\Windows\System32\USER32.dll
0x00007ff9e7470000 - 0x00007ff9e7490000 	C:\Windows\System32\win32u.dll
0x00007ff9e7de0000 - 0x00007ff9e7e08000 	C:\Windows\System32\GDI32.dll
0x00007ff9e7490000 - 0x00007ff9e7622000 	C:\Windows\System32\gdi32full.dll
0x00007ff9e73d0000 - 0x00007ff9e746f000 	C:\Windows\System32\msvcp_win.dll
0x00007ff9e6d00000 - 0x00007ff9e6dfa000 	C:\Windows\System32\ucrtbase.dll
0x00007ff9dcaf0000 - 0x00007ff9dcd59000 	C:\Windows\WinSxS\amd64_microsoft.windows.common-controls_6595b64144ccf1df_6.0.17134.590_none_fb3d9bff3069e088\COMCTL32.dll
0x00007ff9e8840000 - 0x00007ff9e8b62000 	C:\Windows\System32\combase.dll
0x00007ff9e7d40000 - 0x00007ff9e7dba000 	C:\Windows\System32\bcryptPrimitives.dll
0x00007ff9e8140000 - 0x00007ff9e816d000 	C:\Windows\System32\IMM32.DLL
0x00000000581a0000 - 0x0000000058272000 	C:\Program Files\Java\jdk1.8.0_181\jre\bin\msvcr100.dll
0x00000000568b0000 - 0x0000000057152000 	C:\Program Files\Java\jdk1.8.0_181\jre\bin\server\jvm.dll
0x00007ff9e8360000 - 0x00007ff9e8368000 	C:\Windows\System32\PSAPI.DLL
0x00007ff9df2a0000 - 0x00007ff9df2aa000 	C:\Windows\SYSTEM32\VERSION.dll
0x00007ff9e47a0000 - 0x00007ff9e47c3000 	C:\Windows\SYSTEM32\WINMM.dll
0x00007ff9e47e0000 - 0x00007ff9e47e9000 	C:\Windows\SYSTEM32\WSOCK32.dll
0x00007ff9e8700000 - 0x00007ff9e876c000 	C:\Windows\System32\WS2_32.dll
0x00007ff9e4770000 - 0x00007ff9e479a000 	C:\Windows\SYSTEM32\WINMMBASE.dll
0x00007ff9e6e00000 - 0x00007ff9e6e49000 	C:\Windows\System32\cfgmgr32.dll
0x0000000058500000 - 0x000000005850f000 	C:\Program Files\Java\jdk1.8.0_181\jre\bin\verify.dll
0x00000000584d0000 - 0x00000000584f9000 	C:\Program Files\Java\jdk1.8.0_181\jre\bin\java.dll
0x00000000584b0000 - 0x00000000584c6000 	C:\Program Files\Java\jdk1.8.0_181\jre\bin\zip.dll
0x00007ff9e9120000 - 0x00007ff9ea560000 	C:\Windows\System32\SHELL32.dll
0x00007ff9e8090000 - 0x00007ff9e8139000 	C:\Windows\System32\shcore.dll
0x00007ff9e7630000 - 0x00007ff9e7d3d000 	C:\Windows\System32\windows.storage.dll
0x00007ff9e8300000 - 0x00007ff9e8351000 	C:\Windows\System32\shlwapi.dll
0x00007ff9e6c60000 - 0x00007ff9e6c71000 	C:\Windows\System32\kernel.appcore.dll
0x00007ff9e6ce0000 - 0x00007ff9e6cff000 	C:\Windows\System32\profapi.dll
0x00007ff9e6c80000 - 0x00007ff9e6ccc000 	C:\Windows\System32\powrprof.dll
0x00007ff9e6cd0000 - 0x00007ff9e6cda000 	C:\Windows\System32\FLTLIB.DLL
0x00000000584a0000 - 0x00000000584ad000 	C:\Program Files\Java\jdk1.8.0_181\jre\bin\management.dll
0x0000000058180000 - 0x000000005819a000 	C:\Program Files\Java\jdk1.8.0_181\jre\bin\net.dll
0x00007ff9e6460000 - 0x00007ff9e64c6000 	C:\Windows\system32\mswsock.dll
0x00007ff9e1a40000 - 0x00007ff9e1a56000 	C:\Windows\system32\napinsp.dll
0x00007ff9e0e70000 - 0x00007ff9e0e8a000 	C:\Windows\system32\pnrpnsp.dll
0x00007ff9e3a20000 - 0x00007ff9e3a39000 	C:\Windows\system32\NLAapi.dll
0x00007ff9e6220000 - 0x00007ff9e62de000 	C:\Windows\SYSTEM32\DNSAPI.dll
0x00007ff9e7e10000 - 0x00007ff9e7e18000 	C:\Windows\System32\NSI.dll
0x00007ff9e61e0000 - 0x00007ff9e6218000 	C:\Windows\SYSTEM32\IPHLPAPI.DLL
0x00007ff9e0e60000 - 0x00007ff9e0e6e000 	C:\Windows\System32\winrnr.dll
0x00007ff9df3c0000 - 0x00007ff9df3d5000 	C:\Windows\System32\wshbth.dll
0x0000000058980000 - 0x00000000589b5000 	C:\Program Files\Bonjour\mdnsNSP.dll
0x00007ff9db310000 - 0x00007ff9db31a000 	C:\Windows\System32\rasadhlp.dll
0x00007ff9db370000 - 0x00007ff9db3e2000 	C:\Windows\System32\fwpuclnt.dll
0x00007ff9e6740000 - 0x00007ff9e6765000 	C:\Windows\SYSTEM32\bcrypt.dll
0x0000000058160000 - 0x0000000058171000 	C:\Program Files\Java\jdk1.8.0_181\jre\bin\nio.dll
0x00007ff9e6620000 - 0x00007ff9e6637000 	C:\Windows\SYSTEM32\CRYPTSP.dll
0x00007ff9e6040000 - 0x00007ff9e6073000 	C:\Windows\system32\rsaenh.dll
0x00007ff9e6b70000 - 0x00007ff9e6b98000 	C:\Windows\SYSTEM32\USERENV.dll
0x00007ff9e6610000 - 0x00007ff9e661b000 	C:\Windows\SYSTEM32\CRYPTBASE.dll
0x00007ff9df5a0000 - 0x00007ff9df5b6000 	C:\Windows\SYSTEM32\dhcpcsvc6.DLL
0x00007ff9df9a0000 - 0x00007ff9df9ba000 	C:\Windows\SYSTEM32\dhcpcsvc.DLL

VM Arguments:
jvm_args: -Dfile.encoding=UTF-8 
java_command: com.ffse1704.Ffse1704Application
java_class_path (initial): D:\SE\QLDA_1704\target\classes;C:\Users\PC\.m2\repository\org\springframework\boot\spring-boot-starter-web\2.1.3.RELEASE\spring-boot-starter-web-2.1.3.RELEASE.jar;C:\Users\PC\.m2\repository\org\springframework\boot\spring-boot-starter\2.1.3.RELEASE\spring-boot-starter-2.1.3.RELEASE.jar;C:\Users\PC\.m2\repository\org\springframework\boot\spring-boot\2.1.3.RELEASE\spring-boot-2.1.3.RELEASE.jar;C:\Users\PC\.m2\repository\org\springframework\boot\spring-boot-autoconfigure\2.1.3.RELEASE\spring-boot-autoconfigure-2.1.3.RELEASE.jar;C:\Users\PC\.m2\repository\org\springframework\boot\spring-boot-starter-logging\2.1.3.RELEASE\spring-boot-starter-logging-2.1.3.RELEASE.jar;C:\Users\PC\.m2\repository\ch\qos\logback\logback-classic\1.2.3\logback-classic-1.2.3.jar;C:\Users\PC\.m2\repository\ch\qos\logback\logback-core\1.2.3\logback-core-1.2.3.jar;C:\Users\PC\.m2\repository\org\apache\logging\log4j\log4j-to-slf4j\2.11.2\log4j-to-slf4j-2.11.2.jar;C:\Users\PC\.m2\repository\org\apache\logging\log4j\log4j-api\2.11.2\log4j-api-2.11.2.jar;C:\Users\PC\.m2\repository\org\slf4j\jul-to-slf4j\1.7.25\jul-to-slf4j-1.7.25.jar;C:\Users\PC\.m2\repository\javax\annotation\javax.annotation-api\1.3.2\javax.annotation-api-1.3.2.jar;C:\Users\PC\.m2\repository\org\yaml\snakeyaml\1.23\snakeyaml-1.23.jar;C:\Users\PC\.m2\repository\org\springframework\boot\spring-boot-starter-json\2.1.3.RELEASE\spring-boot-starter-json-2.1.3.RELEASE.jar;C:\Users\PC\.m2\repository\com\fasterxml\jackson\core\jackson-databind\2.9.8\jackson-databind-2.9.8.jar;C:\Users\PC\.m2\repository\com\fasterxml\jackson\core\jackson-annotations\2.9.0\jackson-annotations-2.9.0.jar;C:\Users\PC\.m2\repository\com\fasterxml\jackson\core\jackson-core\2.9.8\jackson-core-2.9.8.jar;C:\Users\PC\.m2\repository\com\fasterxml\jackson\datatype\jackson-datatype-jdk8\2.9.8\jackson-datatype-jdk8-2.9.8.jar;C:\Users\PC\.m2\repository\com\fasterxml\jackson\datatype\jackson-datatype-jsr310\2.9.8\jackson-datatype-jsr310-2.9.8.jar
Launcher Type: SUN_STANDARD

Environment Variables:
JAVA_HOME=C:\Program Files\Java\jdk1.8.0_181\bin
PATH=C:/Program Files/Java/jre1.8.0_181/bin/server;C:/Program Files/Java/jre1.8.0_181/bin;C:/Program Files/Java/jre1.8.0_181/lib/amd64;%JAVA_HOME%;C:\Program Files (x86)\Common Files\Oracle\Java\javapath;C:\Windows\system32;C:\Windows;C:\Windows\System32\Wbem;C:\Windows\System32\WindowsPowerShell\v1.0\;C:\Windows\System32\OpenSSH\;C:\Program Files (x86)\NVIDIA Corporation\PhysX\Common;D:\GIT\Git\cmd;C:\Users\PC\AppData\Local\Microsoft\WindowsApps;;D:\BocaiLP5\eclipse;
USERNAME=PC
OS=Windows_NT
PROCESSOR_IDENTIFIER=Intel64 Family 6 Model 142 Stepping 9, GenuineIntel



---------------  S Y S T E M  ---------------

OS: Windows 10.0 , 64 bit Build 17134 (10.0.17134.556)

CPU:total 4 (initial active 4) (2 cores per cpu, 2 threads per core) family 6 model 142 stepping 9, cmov, cx8, fxsr, mmx, sse, sse2, sse3, ssse3, sse4.1, sse4.2, popcnt, avx, avx2, aes, clmul, erms, 3dnowpref, lzcnt, ht, tsc, tscinvbit, bmi1, bmi2, adx

Memory: 4k page, physical 4072884k(221144k free), swap 16655796k(2392k free)

vm_info: Java HotSpot(TM) 64-Bit Server VM (25.181-b13) for windows-amd64 JRE (1.8.0_181-b13), built on Jul  7 2018 04:01:33 by "java_re" with MS VC++ 10.0 (VS2010)

time: Thu Feb 28 20:34:51 2019
elapsed time: 18 seconds (0d 0h 0m 18s)

